Determining if the pthread_create exist failed with the following output:
Change Dir: /home/ssaltykov/project/ws/wsServer/cmake-build-debug/CMakeFiles/CMakeTmp

Run Build Command:"/usr/bin/make" "cmTC_15df2/fast"
/usr/bin/make -f CMakeFiles/cmTC_15df2.dir/build.make CMakeFiles/cmTC_15df2.dir/build
make[1]: вход в каталог «/home/ssaltykov/project/ws/wsServer/cmake-build-debug/CMakeFiles/CMakeTmp»
Building C object CMakeFiles/cmTC_15df2.dir/CheckSymbolExists.c.o
/usr/bin/cc    -o CMakeFiles/cmTC_15df2.dir/CheckSymbolExists.c.o   -c /home/ssaltykov/project/ws/wsServer/cmake-build-debug/CMakeFiles/CMakeTmp/CheckSymbolExists.c
Linking C executable cmTC_15df2
/home/ssaltykov/Загрузки/clion-2018.1/bin/cmake/bin/cmake -E cmake_link_script CMakeFiles/cmTC_15df2.dir/link.txt --verbose=1
/usr/bin/cc      -rdynamic CMakeFiles/cmTC_15df2.dir/CheckSymbolExists.c.o  -o cmTC_15df2 
CMakeFiles/cmTC_15df2.dir/CheckSymbolExists.c.o: In function `main':
CheckSymbolExists.c:(.text+0x16): undefined reference to `pthread_create'
collect2: error: ld returned 1 exit status
CMakeFiles/cmTC_15df2.dir/build.make:97: ошибка выполнения рецепта для цели «cmTC_15df2»
make[1]: *** [cmTC_15df2] Ошибка 1
make[1]: выход из каталога «/home/ssaltykov/project/ws/wsServer/cmake-build-debug/CMakeFiles/CMakeTmp»
Makefile:126: ошибка выполнения рецепта для цели «cmTC_15df2/fast»
make: *** [cmTC_15df2/fast] Ошибка 2

File /home/ssaltykov/project/ws/wsServer/cmake-build-debug/CMakeFiles/CMakeTmp/CheckSymbolExists.c:
/* */
#include <pthread.h>

int main(int argc, char** argv)
{
  (void)argv;
#ifndef pthread_create
  return ((int*)(&pthread_create))[argc];
#else
  (void)argc;
  return 0;
#endif
}

Determining if the function pthread_create exists in the pthreads failed with the following output:
Change Dir: /home/ssaltykov/project/ws/wsServer/cmake-build-debug/CMakeFiles/CMakeTmp

Run Build Command:"/usr/bin/make" "cmTC_21f89/fast"
/usr/bin/make -f CMakeFiles/cmTC_21f89.dir/build.make CMakeFiles/cmTC_21f89.dir/build
make[1]: вход в каталог «/home/ssaltykov/project/ws/wsServer/cmake-build-debug/CMakeFiles/CMakeTmp»
Building C object CMakeFiles/cmTC_21f89.dir/CheckFunctionExists.c.o
/usr/bin/cc   -DCHECK_FUNCTION_EXISTS=pthread_create   -o CMakeFiles/cmTC_21f89.dir/CheckFunctionExists.c.o   -c /home/ssaltykov/Загрузки/clion-2018.1/bin/cmake/share/cmake-3.10/Modules/CheckFunctionExists.c
Linking C executable cmTC_21f89
/home/ssaltykov/Загрузки/clion-2018.1/bin/cmake/bin/cmake -E cmake_link_script CMakeFiles/cmTC_21f89.dir/link.txt --verbose=1
/usr/bin/cc  -DCHECK_FUNCTION_EXISTS=pthread_create    -rdynamic CMakeFiles/cmTC_21f89.dir/CheckFunctionExists.c.o  -o cmTC_21f89 -lpthreads 
/usr/bin/ld: cannot find -lpthreads
collect2: error: ld returned 1 exit status
CMakeFiles/cmTC_21f89.dir/build.make:97: ошибка выполнения рецепта для цели «cmTC_21f89»
make[1]: *** [cmTC_21f89] Ошибка 1
make[1]: выход из каталога «/home/ssaltykov/project/ws/wsServer/cmake-build-debug/CMakeFiles/CMakeTmp»
Makefile:126: ошибка выполнения рецепта для цели «cmTC_21f89/fast»
make: *** [cmTC_21f89/fast] Ошибка 2


